{
  "RSpec": {
    "coverage": {
      "/home/balanced-array-1171/tic-tac-toe-rb-online-web-sp-000/lib/tic_tac_toe.rb": [
        null,
        1,
        26,
        null,
        null,
        1,
        17,
        17,
        17,
        17,
        17,
        null,
        null,
        1,
        14,
        14,
        null,
        null,
        1,
        13,
        null,
        null,
        1,
        0,
        null,
        null,
        1,
        14,
        12,
        11,
        null,
        1,
        null,
        null,
        2,
        null,
        null,
        null,
        null,
        1,
        20,
        20,
        20,
        180,
        13,
        null,
        180,
        null,
        20,
        null,
        null,
        1,
        19,
        19,
        19,
        19,
        19,
        171,
        7,
        164,
        3,
        null,
        null,
        19,
        4,
        null,
        null,
        19,
        null,
        null,
        null,
        null,
        1,
        null,
        null,
        null,
        null,
        null,
        null,
        null,
        null,
        1,
        1,
        null,
        1,
        22,
        22,
        17,
        null,
        5,
        null,
        null,
        1,
        10,
        10,
        10,
        10,
        null,
        2,
        8,
        null,
        4,
        4,
        null,
        2,
        null,
        null,
        2,
        null,
        null,
        null,
        null,
        1,
        5,
        null,
        null,
        1,
        10,
        10,
        11,
        11,
        11,
        10,
        10,
        10,
        null,
        null,
        null,
        10,
        null,
        null,
        1,
        5,
        5,
        5,
        5,
        5,
        8,
        8,
        8,
        8,
        null,
        null,
        null,
        5,
        5,
        null,
        5,
        1,
        1,
        1,
        null,
        null,
        null,
        null,
        null,
        null,
        null,
        null,
        1,
        25,
        25,
        44,
        7,
        0,
        0,
        null,
        null,
        18,
        null,
        null,
        null,
        null,
        1,
        44,
        44,
        44,
        44,
        null,
        44,
        0,
        339,
        339,
        339,
        339,
        1017,
        1017,
        257,
        null,
        1017,
        null,
        339,
        7,
        7,
        7,
        7,
        null,
        332,
        null,
        44,
        null,
        44,
        7,
        null,
        null,
        null,
        1,
        13,
        13,
        66,
        7,
        7,
        null,
        null,
        13,
        null
      ]
    },
    "timestamp": 1564063656
  }
}
