{
  "RSpec": {
    "coverage": {
      "/home/balanced-array-1171/tic-tac-toe-rb-online-web-sp-000/lib/tic_tac_toe.rb": [
        null,
        1,
        null,
        1,
        44,
        null,
        null,
        1,
        31,
        31,
        31,
        31,
        31,
        null,
        null,
        1,
        23,
        23,
        null,
        null,
        1,
        22,
        null,
        null,
        1,
        0,
        null,
        null,
        1,
        23,
        21,
        20,
        null,
        1,
        null,
        null,
        2,
        null,
        null,
        null,
        null,
        1,
        38,
        38,
        38,
        342,
        57,
        null,
        342,
        null,
        38,
        null,
        null,
        1,
        37,
        37,
        37,
        37,
        37,
        333,
        33,
        300,
        21,
        null,
        null,
        37,
        12,
        null,
        null,
        37,
        null,
        null,
        null,
        null,
        1,
        null,
        null,
        null,
        null,
        null,
        null,
        null,
        null,
        1,
        1,
        null,
        null,
        null,
        1,
        34,
        34,
        34,
        34,
        null,
        6,
        28,
        null,
        13,
        15,
        null,
        13,
        null,
        null,
        2,
        null,
        null,
        null,
        null,
        1,
        21,
        null,
        null,
        1,
        19,
        19,
        20,
        20,
        20,
        19,
        19,
        19,
        null,
        null,
        null,
        19,
        null,
        null,
        1,
        74,
        74,
        52,
        null,
        22,
        null,
        null,
        1,
        12,
        12,
        7,
        7,
        7,
        17,
        17,
        17,
        17,
        null,
        null,
        null,
        12,
        12,
        12,
        5,
        null,
        12,
        3,
        null,
        null,
        null,
        null,
        null,
        null,
        null,
        1,
        81,
        81,
        140,
        28,
        0,
        0,
        null,
        null,
        53,
        null,
        null,
        null,
        null,
        1,
        140,
        140,
        140,
        140,
        null,
        140,
        0,
        1012,
        1012,
        1012,
        1012,
        3036,
        3036,
        727,
        null,
        3036,
        null,
        1012,
        28,
        28,
        28,
        28,
        null,
        984,
        null,
        140,
        null,
        140,
        28,
        null,
        null,
        null,
        1,
        46,
        46,
        208,
        36,
        36,
        null,
        null,
        46,
        null
      ]
    },
    "timestamp": 1564073589
  }
}
